0 info it worked if it ends with ok
1 verbose cli [ '/usr/bin/node', '/usr/bin/npm', 'run', 'dev' ]
2 info using npm@3.5.2
3 info using node@v8.10.0
4 verbose run-script [ 'predev', 'dev', 'postdev' ]
5 info lifecycle website@0.0.1~predev: website@0.0.1
6 silly lifecycle website@0.0.1~predev: no script for predev, continuing
7 info lifecycle website@0.0.1~dev: website@0.0.1
8 verbose lifecycle website@0.0.1~dev: unsafe-perm in lifecycle true
9 verbose lifecycle website@0.0.1~dev: PATH: /usr/share/npm/bin/node-gyp-bin:/home/ubuntu/environment/AltaGamma_3INFO-21/Canale_Andrea-Rizzolo_Lorenzo/Website/node_modules/.bin:/usr/local/sbin:/usr/local/bin:/usr/sbin:/usr/bin:/sbin:/bin:/usr/games:/usr/local/games:/snap/bin
10 verbose lifecycle website@0.0.1~dev: CWD: /home/ubuntu/environment/AltaGamma_3INFO-21/Canale_Andrea-Rizzolo_Lorenzo/Website
11 silly lifecycle website@0.0.1~dev: Args: [ '-c', 'svelte-kit dev --host --port 80' ]
12 silly lifecycle website@0.0.1~dev: Returned: code: 1  signal: null
13 info lifecycle website@0.0.1~dev: Failed to exec dev script
14 verbose stack Error: website@0.0.1 dev: `svelte-kit dev --host --port 80`
14 verbose stack Exit status 1
14 verbose stack     at EventEmitter.<anonymous> (/usr/share/npm/lib/utils/lifecycle.js:232:16)
14 verbose stack     at emitTwo (events.js:126:13)
14 verbose stack     at EventEmitter.emit (events.js:214:7)
14 verbose stack     at ChildProcess.<anonymous> (/usr/share/npm/lib/utils/spawn.js:24:14)
14 verbose stack     at emitTwo (events.js:126:13)
14 verbose stack     at ChildProcess.emit (events.js:214:7)
14 verbose stack     at maybeClose (internal/child_process.js:925:16)
14 verbose stack     at Process.ChildProcess._handle.onexit (internal/child_process.js:209:5)
15 verbose pkgid website@0.0.1
16 verbose cwd /home/ubuntu/environment/AltaGamma_3INFO-21/Canale_Andrea-Rizzolo_Lorenzo/Website
17 error Linux 5.4.0-1071-aws
18 error argv "/usr/bin/node" "/usr/bin/npm" "run" "dev"
19 error node v8.10.0
20 error npm  v3.5.2
21 error code ELIFECYCLE
22 error website@0.0.1 dev: `svelte-kit dev --host --port 80`
22 error Exit status 1
23 error Failed at the website@0.0.1 dev script 'svelte-kit dev --host --port 80'.
23 error Make sure you have the latest version of node.js and npm installed.
23 error If you do, this is most likely a problem with the website package,
23 error not with npm itself.
23 error Tell the author that this fails on your system:
23 error     svelte-kit dev --host --port 80
23 error You can get information on how to open an issue for this project with:
23 error     npm bugs website
23 error Or if that isn't available, you can get their info via:
23 error     npm owner ls website
23 error There is likely additional logging output above.
24 verbose exit [ 1, true ]
